1
0
1
ASSEMBLY
1
PART-2-1
PART-2
1
PART-2-1
14
-2147483646
0
48 1 16 5 0 1 0 -1 -1 1416 1 -1879048189 2 1416 
14
48 1 16 5 0 1 0 -1 -1 1416 1 -1879048189 1 1416 
1
1 1
-2147483647
1
PART-2-1
14
-2147483646
0
48 1 16 5 0 1 0 -1 -1 696 1 -1879048189 1 696 
14
48 1 16 5 0 1 0 -1 -1 696 1 -1879048189 1 696 
0
6
SET-3
0
1
0
1
PART-2-1
12
41 42 157 158 273 274 389 390 505 506 621 622 
0
SET-6
0
1
0
1
PART-2-1
12
41 42 157 158 273 274 389 390 505 506 621 622 
0
SET-8
0
1
0
1
PART-2-1
12
41 42 157 158 273 274 389 390 505 506 621 622 
0
S_SET-1
0
1
0
1
PART-2-1
12
115 116 231 232 347 348 463 464 579 580 695 696 
0
S_SET-7
0
1
0
1
PART-2-1
12
115 116 231 232 347 348 463 464 579 580 695 696 
0
S_SET-9
0
1
0
1
PART-2-1
12
115 116 231 232 347 348 463 464 579 580 695 696 
0
1
PART-2-1
1
SET-1
0
1
14
-2147483647
48 1 16 5 0 1 0 -1 -1 696 1 -1879048189 1 696 
0
0
0
10

0
2
0
2

1
1 
PART-2-1
14
-2147483647
48 1 16 5 0 1 0 -1 -1 1416 1 -1879048189 2 1416 
0
M_SET-1
0
1
1
1 
0
0
M_SET-9
0
1
1
1 
0
0
SET-3
0
1
0
1
PART-2-1
24
2 3 7 8 10 11 15 16 18 134 135 136 137 199 258 374 375 376 377 439 612 613 958 959 
0
SET-5
0
1
1
1 
0
0
SET-6
0
1
0
1
PART-2-1
24
2 3 7 8 10 11 15 16 18 134 135 136 137 199 258 374 375 376 377 439 612 613 958 959 
0
SET-8
0
1
0
1
PART-2-1
24
2 3 7 8 10 11 15 16 18 134 135 136 137 199 258 374 375 376 377 439 612 613 958 959 
0
S_SET-1
0
1
0
1
PART-2-1
24
4 5 6 9 12 13 14 17 76 138 139 140 141 257 316 378 379 380 381 497 728 729 960 961 
0
S_SET-7
0
1
0
1
PART-2-1
24
4 5 6 9 12 13 14 17 76 138 139 140 141 257 316 378 379 380 381 497 728 729 960 961 
0
S_SET-9
0
1
0
1
PART-2-1
24
4 5 6 9 12 13 14 17 76 138 139 140 141 257 316 378 379 380 381 497 728 729 960 961 
0
2
PART-2-1
2
 P       1
0
2
14
-2147483647
48 1 16 5 0 1 0 -1 -1 1416 1 -1879048189 2 1416 
0
0
SET-1
0
1
14
-2147483647
48 1 16 5 0 1 0 -1 -1 1416 1 -1879048189 2 1416 
0
0
0

1
 P       0
0
2
1
1 
0
0
0
0
1
S_SET-9_CNS_
1
0
0
1
PART-2-1
1
0
24
4
1
5
1
6
1
9
1
12
1
13
1
14
1
17
1
76
1
138
1
139
1
140
1
141
1
257
1
316
1
378
1
379
1
380
1
381
1
497
1
728
1
729
1
960
1
961
1
