1
0
1
ASSEMBLY
1
PART-5-1
PART-5
1
PART-5-1
14
-2147483646
0
48 1 16 5 0 1 0 -1 -1 8641 1 -1879048189 2 8641 
14
48 1 16 5 0 1 0 -1 -1 8641 1 -1879048189 1 8641 
1
1 1
-2147483647
1
PART-5-1
14
-2147483646
0
48 1 16 5 0 1 0 -1 -1 8035 1 -1879048189 1 8035 
14
48 1 16 5 0 1 0 -1 -1 8035 1 -1879048189 1 8035 
0
18
Edge Seeds-1
0
1
0
1
PART-5-1
59
-2147483647
228 1 16 50 0 1 0 -1 -1 921 10 -1342177268 -1342177264 -1342177260 -1342177256 -1342177252 -1342177248 -1342177244 -1342177240 -1342177236 -1879048144 265 1 2 380 659 2 66 15 1649 1 2 239 1901 2 67 14 2840 2 39 15 3425 1 2 118 3556 2 40 14 4117 2 123 15 5961 2 122 14 7669 1 
0
Edge Seeds-2
0
1
0
1
PART-5-1
59
-2147483647
228 1 16 50 0 1 0 -1 -1 921 10 -1342177268 -1342177264 -1342177260 -1342177256 -1342177252 -1342177248 -1342177244 -1342177240 -1342177236 -1879048144 265 1 2 380 659 2 66 15 1649 1 2 239 1901 2 67 14 2840 2 39 15 3425 1 2 118 3556 2 40 14 4117 2 123 15 5961 2 122 14 7669 1 
0
P_SET-17
0
1
0
1
PART-5-1
102
7670 7671 7672 7673 7704 7705 7706 7707 7712 7717 7738 7739 7740 7741 7742 7753 7754 7755 7779 7780 7781 7782 7783 7787 7791 7795 7799 7809 7810 7811 7822 7825 7828 7831 7834 7837 7840 7843 7846 7849 7852 7855 7858 7861 7864 7867 7870 7873 7876 7879 7882 7885 7886 7889 7892 7895 7898 7901 7904 7907 7910 7915 7918 7921 7924 7927 7930 7933 7936 7939 7942 7945 7948 7951 7954 7957 7960 7963 7966 7969 7972 7975 7978 7981 7984 7987 7990 7991 7994 7997 8000 8003 8006 8009 8012 8015 8018 8021 8024 8027 8030 8033 
0
P_SET-18
0
1
0
1
PART-5-1
14
-2147483647
48 1 16 5 0 1 0 -1 -1 8035 1 -1879048189 1 8035 
0
SET-15
0
1
0
1
PART-5-1
102
7670 7671 7672 7673 7704 7705 7706 7707 7712 7717 7738 7739 7740 7741 7742 7753 7754 7755 7779 7780 7781 7782 7783 7787 7791 7795 7799 7809 7810 7811 7822 7825 7828 7831 7834 7837 7840 7843 7846 7849 7852 7855 7858 7861 7864 7867 7870 7873 7876 7879 7882 7885 7886 7889 7892 7895 7898 7901 7904 7907 7910 7915 7918 7921 7924 7927 7930 7933 7936 7939 7942 7945 7948 7951 7954 7957 7960 7963 7966 7969 7972 7975 7978 7981 7984 7987 7990 7991 7994 7997 8000 8003 8006 8009 8012 8015 8018 8021 8024 8027 8030 8033 
0
SET-16
0
1
0
1
PART-5-1
52
49 54 59 64 69 74 79 84 89 94 99 100 101 102 103 120 121 122 123 124 125 126 127 128 129 130 219 220 221 222 249 639 1768 1769 1770 1771 1772 1773 1774 1775 1776 1777 1786 1795 1804 1813 1822 1831 1840 1849 3480 3489 
0
SET-17
0
1
0
1
PART-5-1
14
-2147483647
48 1 16 5 0 1 0 -1 -1 8035 1 -1879048189 1 8035 
0
SET-18
0
1
0
1
PART-5-1
14
-2147483647
48 1 16 5 0 1 0 -1 -1 8035 1 -1879048189 1 8035 
0
S_SET-20
0
1
0
1
PART-5-1
102
7670 7671 7672 7673 7704 7705 7706 7707 7712 7717 7738 7739 7740 7741 7742 7753 7754 7755 7779 7780 7781 7782 7783 7787 7791 7795 7799 7809 7810 7811 7822 7825 7828 7831 7834 7837 7840 7843 7846 7849 7852 7855 7858 7861 7864 7867 7870 7873 7876 7879 7882 7885 7886 7889 7892 7895 7898 7901 7904 7907 7910 7915 7918 7921 7924 7927 7930 7933 7936 7939 7942 7945 7948 7951 7954 7957 7960 7963 7966 7969 7972 7975 7978 7981 7984 7987 7990 7991 7994 7997 8000 8003 8006 8009 8012 8015 8018 8021 8024 8027 8030 8033 
0
_PICKEDSET67
0
2
0
1
PART-5-1
102
7670 7671 7672 7673 7704 7705 7706 7707 7712 7717 7738 7739 7740 7741 7742 7753 7754 7755 7779 7780 7781 7782 7783 7787 7791 7795 7799 7809 7810 7811 7822 7825 7828 7831 7834 7837 7840 7843 7846 7849 7852 7855 7858 7861 7864 7867 7870 7873 7876 7879 7882 7885 7886 7889 7892 7895 7898 7901 7904 7907 7910 7915 7918 7921 7924 7927 7930 7933 7936 7939 7942 7945 7948 7951 7954 7957 7960 7963 7966 7969 7972 7975 7978 7981 7984 7987 7990 7991 7994 7997 8000 8003 8006 8009 8012 8015 8018 8021 8024 8027 8030 8033 
0
_PICKEDSET71
0
2
0
1
PART-5-1
102
7670 7671 7672 7673 7704 7705 7706 7707 7712 7717 7738 7739 7740 7741 7742 7753 7754 7755 7779 7780 7781 7782 7783 7787 7791 7795 7799 7809 7810 7811 7822 7825 7828 7831 7834 7837 7840 7843 7846 7849 7852 7855 7858 7861 7864 7867 7870 7873 7876 7879 7882 7885 7886 7889 7892 7895 7898 7901 7904 7907 7910 7915 7918 7921 7924 7927 7930 7933 7936 7939 7942 7945 7948 7951 7954 7957 7960 7963 7966 7969 7972 7975 7978 7981 7984 7987 7990 7991 7994 7997 8000 8003 8006 8009 8012 8015 8018 8021 8024 8027 8030 8033 
0
_PICKEDSET78
0
2
0
1
PART-5-1
102
7670 7671 7672 7673 7704 7705 7706 7707 7712 7717 7738 7739 7740 7741 7742 7753 7754 7755 7779 7780 7781 7782 7783 7787 7791 7795 7799 7809 7810 7811 7822 7825 7828 7831 7834 7837 7840 7843 7846 7849 7852 7855 7858 7861 7864 7867 7870 7873 7876 7879 7882 7885 7886 7889 7892 7895 7898 7901 7904 7907 7910 7915 7918 7921 7924 7927 7930 7933 7936 7939 7942 7945 7948 7951 7954 7957 7960 7963 7966 7969 7972 7975 7978 7981 7984 7987 7990 7991 7994 7997 8000 8003 8006 8009 8012 8015 8018 8021 8024 8027 8030 8033 
0
_S_SURF-1_S1
0
2
0
1
PART-5-1
9
7670 7671 7672 7673 7742 7753 7754 7755 7811 
0
_S_SURF-1_S2
0
2
0
1
PART-5-1
61
7704 7705 7706 7738 7739 7740 7741 7779 7780 7781 7782 7809 7810 7822 7825 7828 7831 7834 7837 7840 7843 7846 7849 7852 7855 7858 7861 7864 7867 7870 7873 7876 7879 7882 7885 7915 7918 7921 7924 7927 7930 7933 7936 7939 7942 7945 7948 7951 7954 7957 7960 7963 7966 7969 7972 7975 7978 7981 7984 7987 7990 
0
_S_SURF-1_S4
0
2
0
1
PART-5-1
32
7707 7712 7717 7783 7787 7791 7795 7799 7886 7889 7892 7895 7898 7901 7904 7907 7910 7991 7994 7997 8000 8003 8006 8009 8012 8015 8018 8021 8024 8027 8030 8033 
0
__PICKEDSURF74_S1
0
2
0
1
PART-5-1
9
7670 7671 7672 7673 7742 7753 7754 7755 7811 
0
__PICKEDSURF74_S2
0
2
0
1
PART-5-1
61
7704 7705 7706 7738 7739 7740 7741 7779 7780 7781 7782 7809 7810 7822 7825 7828 7831 7834 7837 7840 7843 7846 7849 7852 7855 7858 7861 7864 7867 7870 7873 7876 7879 7882 7885 7915 7918 7921 7924 7927 7930 7933 7936 7939 7942 7945 7948 7951 7954 7957 7960 7963 7966 7969 7972 7975 7978 7981 7984 7987 7990 
0
__PICKEDSURF74_S4
0
2
0
1
PART-5-1
32
7707 7712 7717 7783 7787 7791 7795 7799 7886 7889 7892 7895 7898 7901 7904 7907 7910 7991 7994 7997 8000 8003 8006 8009 8012 8015 8018 8021 8024 8027 8030 8033 
0
1
PART-5-1
1
SET-1
0
1
14
-2147483647
48 1 16 5 0 1 0 -1 -1 8035 1 -1879048189 1 8035 
0
0
0
16

0
2
0
1
PART-5-1
14
-2147483647
48 1 16 5 0 1 0 -1 -1 8641 1 -1879048189 2 8641 
0
Edge Seeds-1
0
1
0
1
PART-5-1
53
-2147483647
204 1 16 44 0 1 0 -1 -1 925 12 -1879048178 -1879048176 -1879048174 -1879048172 -1342177258 -1879048166 -1342177252 -1342177248 -1879048156 -1879048154 -1879048152 -1879048150 11 1 22 3 26 1 35 5 42 2 3 4 157 1 256 66 2 69 465 66 2 74 619 78 737 200 949 244 1204 122 
0
Edge Seeds-2
0
1
0
1
PART-5-1
53
-2147483647
204 1 16 44 0 1 0 -1 -1 925 12 -1879048178 -1879048176 -1879048174 -1879048172 -1342177258 -1879048166 -1342177252 -1342177248 -1879048156 -1879048154 -1879048152 -1879048150 11 1 22 3 26 1 35 5 42 2 3 4 157 1 256 66 2 69 465 66 2 74 619 78 737 200 949 244 1204 122 
0
P_SET-17
0
1
0
1
PART-5-1
102
52 54 55 56 58 60 61 62 65 66 69 70 1326 1327 1328 1329 1330 1331 1348 1349 1350 1351 1352 1353 1360 1361 1362 1363 1364 1365 1380 1381 1382 1383 1384 1385 1393 1394 1395 1396 1397 1398 1399 1400 1401 1402 1403 1404 1405 1406 1407 1408 1409 1410 1411 1412 1413 1445 1446 1447 1448 1449 1450 1451 1452 1455 1456 1457 1458 1459 1460 1461 1462 1463 1464 1465 1466 1467 1468 1469 1470 1471 1472 1473 1493 1494 1495 1496 1497 1512 1513 1514 1515 1516 1517 1518 1525 1526 1527 1528 1529 1530 
0
P_SET-18
0
1
0
1
PART-5-1
14
-2147483647
48 1 16 5 0 1 0 -1 -1 8641 1 -1879048189 2 8641 
0
SET-15
0
1
0
1
PART-5-1
102
52 54 55 56 58 60 61 62 65 66 69 70 1326 1327 1328 1329 1330 1331 1348 1349 1350 1351 1352 1353 1360 1361 1362 1363 1364 1365 1380 1381 1382 1383 1384 1385 1393 1394 1395 1396 1397 1398 1399 1400 1401 1402 1403 1404 1405 1406 1407 1408 1409 1410 1411 1412 1413 1445 1446 1447 1448 1449 1450 1451 1452 1455 1456 1457 1458 1459 1460 1461 1462 1463 1464 1465 1466 1467 1468 1469 1470 1471 1472 1473 1493 1494 1495 1496 1497 1512 1513 1514 1515 1516 1517 1518 1525 1526 1527 1528 1529 1530 
0
SET-16
0
1
0
1
PART-5-1
54
5 6 8 29 30 31 32 41 93 94 95 96 97 98 99 100 101 102 103 104 105 106 107 108 109 110 111 112 113 114 115 116 117 118 119 120 142 241 411 412 413 414 415 416 417 432 433 434 435 436 437 438 439 719 
0
SET-17
0
1
0
1
PART-5-1
14
-2147483647
48 1 16 5 0 1 0 -1 -1 8641 1 -1879048189 2 8641 
0
SET-18
0
1
0
1
PART-5-1
14
-2147483647
48 1 16 5 0 1 0 -1 -1 8641 1 -1879048189 2 8641 
0
SET-31
0
1
0
1
PART-5-1
1
46 
0
S_SET-20
0
1
0
1
PART-5-1
102
52 54 55 56 58 60 61 62 65 66 69 70 1326 1327 1328 1329 1330 1331 1348 1349 1350 1351 1352 1353 1360 1361 1362 1363 1364 1365 1380 1381 1382 1383 1384 1385 1393 1394 1395 1396 1397 1398 1399 1400 1401 1402 1403 1404 1405 1406 1407 1408 1409 1410 1411 1412 1413 1445 1446 1447 1448 1449 1450 1451 1452 1455 1456 1457 1458 1459 1460 1461 1462 1463 1464 1465 1466 1467 1468 1469 1470 1471 1472 1473 1493 1494 1495 1496 1497 1512 1513 1514 1515 1516 1517 1518 1525 1526 1527 1528 1529 1530 
0
_PICKEDSET67
0
2
0
1
PART-5-1
102
52 54 55 56 58 60 61 62 65 66 69 70 1326 1327 1328 1329 1330 1331 1348 1349 1350 1351 1352 1353 1360 1361 1362 1363 1364 1365 1380 1381 1382 1383 1384 1385 1393 1394 1395 1396 1397 1398 1399 1400 1401 1402 1403 1404 1405 1406 1407 1408 1409 1410 1411 1412 1413 1445 1446 1447 1448 1449 1450 1451 1452 1455 1456 1457 1458 1459 1460 1461 1462 1463 1464 1465 1466 1467 1468 1469 1470 1471 1472 1473 1493 1494 1495 1496 1497 1512 1513 1514 1515 1516 1517 1518 1525 1526 1527 1528 1529 1530 
0
_PICKEDSET71
0
2
0
1
PART-5-1
102
52 54 55 56 58 60 61 62 65 66 69 70 1326 1327 1328 1329 1330 1331 1348 1349 1350 1351 1352 1353 1360 1361 1362 1363 1364 1365 1380 1381 1382 1383 1384 1385 1393 1394 1395 1396 1397 1398 1399 1400 1401 1402 1403 1404 1405 1406 1407 1408 1409 1410 1411 1412 1413 1445 1446 1447 1448 1449 1450 1451 1452 1455 1456 1457 1458 1459 1460 1461 1462 1463 1464 1465 1466 1467 1468 1469 1470 1471 1472 1473 1493 1494 1495 1496 1497 1512 1513 1514 1515 1516 1517 1518 1525 1526 1527 1528 1529 1530 
0
_PICKEDSET78
0
2
0
1
PART-5-1
102
52 54 55 56 58 60 61 62 65 66 69 70 1326 1327 1328 1329 1330 1331 1348 1349 1350 1351 1352 1353 1360 1361 1362 1363 1364 1365 1380 1381 1382 1383 1384 1385 1393 1394 1395 1396 1397 1398 1399 1400 1401 1402 1403 1404 1405 1406 1407 1408 1409 1410 1411 1412 1413 1445 1446 1447 1448 1449 1450 1451 1452 1455 1456 1457 1458 1459 1460 1461 1462 1463 1464 1465 1466 1467 1468 1469 1470 1471 1472 1473 1493 1494 1495 1496 1497 1512 1513 1514 1515 1516 1517 1518 1525 1526 1527 1528 1529 1530 
0
_T-CYLINDRICAL
0
2
0
1
PART-5-1
102
52 54 55 56 58 60 61 62 65 66 69 70 1326 1327 1328 1329 1330 1331 1348 1349 1350 1351 1352 1353 1360 1361 1362 1363 1364 1365 1380 1381 1382 1383 1384 1385 1393 1394 1395 1396 1397 1398 1399 1400 1401 1402 1403 1404 1405 1406 1407 1408 1409 1410 1411 1412 1413 1445 1446 1447 1448 1449 1450 1451 1452 1455 1456 1457 1458 1459 1460 1461 1462 1463 1464 1465 1466 1467 1468 1469 1470 1471 1472 1473 1493 1494 1495 1496 1497 1512 1513 1514 1515 1516 1517 1518 1525 1526 1527 1528 1529 1530 
0
_T-Datum csys-1
0
2
0
1
PART-5-1
54
5 6 8 29 30 31 32 41 93 94 95 96 97 98 99 100 101 102 103 104 105 106 107 108 109 110 111 112 113 114 115 116 117 118 119 120 142 241 411 412 413 414 415 416 417 432 433 434 435 436 437 438 439 719 
0
1
PART-5-1
2
 P       1
0
2
14
-2147483647
48 1 16 5 0 1 0 -1 -1 8641 1 -1879048189 2 8641 
0
0
SET-1
0
1
14
-2147483647
48 1 16 5 0 1 0 -1 -1 8641 1 -1879048189 2 8641 
0
0
0
0
2
S_SURF-1
0
0
0
1
PART-5-1
0
0
3
S1
9
7670 7671 7672 7673 7742 7753 7754 7755 7811 
S2
61
7704 7705 7706 7738 7739 7740 7741 7779 7780 7781 7782 7809 7810 7822 7825 7828 7831 7834 7837 7840 7843 7846 7849 7852 7855 7858 7861 7864 7867 7870 7873 7876 7879 7882 7885 7915 7918 7921 7924 7927 7930 7933 7936 7939 7942 7945 7948 7951 7954 7957 7960 7963 7966 7969 7972 7975 7978 7981 7984 7987 7990 
S4
32
7707 7712 7717 7783 7787 7791 7795 7799 7886 7889 7892 7895 7898 7901 7904 7907 7910 7991 7994 7997 8000 8003 8006 8009 8012 8015 8018 8021 8024 8027 8030 8033 
_PICKEDSURF74
1
0
0
1
PART-5-1
0
0
3
S1
9
7670 7671 7672 7673 7742 7753 7754 7755 7811 
S2
61
7704 7705 7706 7738 7739 7740 7741 7779 7780 7781 7782 7809 7810 7822 7825 7828 7831 7834 7837 7840 7843 7846 7849 7852 7855 7858 7861 7864 7867 7870 7873 7876 7879 7882 7885 7915 7918 7921 7924 7927 7930 7933 7936 7939 7942 7945 7948 7951 7954 7957 7960 7963 7966 7969 7972 7975 7978 7981 7984 7987 7990 
S4
32
7707 7712 7717 7783 7787 7791 7795 7799 7886 7889 7892 7895 7898 7901 7904 7907 7910 7991 7994 7997 8000 8003 8006 8009 8012 8015 8018 8021 8024 8027 8030 8033 
